# JRE version: OpenJDK Runtime Environment (21.0.9) (build 21.0.9+-14787801-b1163.94)
# Java VM: OpenJDK 64-Bit Server VM (21.0.9+-14787801-b1163.94, mixed mode, tiered, compressed oops, compressed class ptrs, g1 gc, windows-amd64)
GC Precious Log:
 CardTable entry size: 512
 Card Set container configuration: InlinePtr #cards 5 size 8 Array Of Cards #cards 12 size 40 Howl #buckets 4 coarsen threshold 1843 Howl Bitmap #cards 512 size 80 coarsen threshold 460 Card regions per heap region 1 cards per card region 2048
 CPUs: 4 total, 4 available
 Memory: 8026M
 Large Page Support: Disabled
 NUMA Support: Disabled
 Compressed Oops: Enabled (32-bit)
 Heap Region Size: 1M
 Heap Min Capacity: 8M
 Heap Initial Capacity: 126M
 Heap Max Capacity: 2G
 Pre-touch: Disabled
 Parallel Workers: 4
 Concurrent Workers: 1
 Concurrent Refinement Workers: 4
 Periodic GC: Disabled
Heap:
 garbage-first heap   total 147456K, used 84271K [0x0000000080000000, 0x0000000100000000)
  region size 1024K, 4 young (4096K), 4 survivors (4096K)
 Metaspace       used 79989K, committed 81856K, reserved 1179648K
  class space    used 11284K, committed 12160K, reserved 1048576K
GC Heap History (20 events):
Event: 17.628 GC heap after
{Heap after GC invocations=20 (full 0):
 garbage-first heap   total 115712K, used 70192K [0x0000000080000000, 0x0000000100000000)
  region size 1024K, 1 young (1024K), 1 survivors (1024K)
 Metaspace       used 59045K, committed 60736K, reserved 1114112K
  class space    used 8354K, committed 9152K, reserved 1048576K
}
Event: 18.168 GC heap before
{Heap before GC invocations=20 (full 0):
 garbage-first heap   total 115712K, used 106032K [0x0000000080000000, 0x0000000100000000)
  region size 1024K, 36 young (36864K), 1 survivors (1024K)
 Metaspace       used 63506K, committed 65344K, reserved 1114112K
  class space    used 8992K, committed 9856K, reserved 1048576K
}
Event: 18.170 GC heap after
{Heap after GC invocations=21 (full 0):
 garbage-first heap   total 115712K, used 70776K [0x0000000080000000, 0x0000000100000000)
  region size 1024K, 2 young (2048K), 2 survivors (2048K)
 Metaspace       used 63506K, committed 65344K, reserved 1114112K
  class space    used 8992K, committed 9856K, reserved 1048576K
}
Event: 18.803 GC heap before
{Heap before GC invocations=22 (full 0):
 garbage-first heap   total 119808K, used 106616K [0x0000000080000000, 0x0000000100000000)
  region size 1024K, 37 young (37888K), 2 survivors (2048K)
 Metaspace       used 68029K, committed 69952K, reserved 1114112K
  class space    used 9717K, committed 10624K, reserved 1048576K
}
Event: 18.808 GC heap after
{Heap after GC invocations=23 (full 0):
 garbage-first heap   total 119808K, used 72690K [0x0000000080000000, 0x0000000100000000)
  region size 1024K, 4 young (4096K), 4 survivors (4096K)
 Metaspace       used 68029K, committed 69952K, reserved 1114112K
  class space    used 9717K, committed 10624K, reserved 1048576K
}
Event: 19.436 GC heap before
{Heap before GC invocations=23 (full 0):
 garbage-first heap   total 119808K, used 110578K [0x0000000080000000, 0x0000000100000000)
  region size 1024K, 41 young (41984K), 4 survivors (4096K)
 Metaspace       used 71996K, committed 73920K, reserved 1114112K
  class space    used 10326K, committed 11264K, reserved 1048576K
}
Event: 19.443 GC heap after
{Heap after GC invocations=24 (full 0):
 garbage-first heap   total 119808K, used 74716K [0x0000000080000000, 0x0000000100000000)
  region size 1024K, 5 young (5120K), 5 survivors (5120K)
 Metaspace       used 71996K, committed 73920K, reserved 1114112K
  class space    used 10326K, committed 11264K, reserved 1048576K
}
Event: 21.388 GC heap before
{Heap before GC invocations=24 (full 0):
 garbage-first heap   total 119808K, used 111580K [0x0000000080000000, 0x0000000100000000)
  region size 1024K, 42 young (43008K), 5 survivors (5120K)
 Metaspace       used 79143K, committed 81024K, reserved 1179648K
  class space    used 11255K, committed 12160K, reserved 1048576K
}
Event: 21.398 GC heap after
{Heap after GC invocations=25 (full 0):
 garbage-first heap   total 147456K, used 79109K [0x0000000080000000, 0x0000000100000000)
  region size 1024K, 6 young (6144K), 6 survivors (6144K)
 Metaspace       used 79143K, committed 81024K, reserved 1179648K
  class space    used 11255K, committed 12160K, reserved 1048576K
}
Event: 22.092 GC heap before
{Heap before GC invocations=26 (full 0):
 garbage-first heap   total 147456K, used 133381K [0x0000000080000000, 0x0000000100000000)
  region size 1024K, 59 young (60416K), 6 survivors (6144K)
 Metaspace       used 79676K, committed 81536K, reserved 1179648K
  class space    used 11284K, committed 12160K, reserved 1048576K
}
Event: 22.104 GC heap after
{Heap after GC invocations=27 (full 0):
 garbage-first heap   total 147456K, used 81691K [0x0000000080000000, 0x0000000100000000)
  region size 1024K, 3 young (3072K), 3 survivors (3072K)
 Metaspace       used 79676K, committed 81536K, reserved 1179648K
  class space    used 11284K, committed 12160K, reserved 1048576K
}
Event: 22.462 GC heap before
{Heap before GC invocations=27 (full 0):
 garbage-first heap   total 147456K, used 133915K [0x0000000080000000, 0x0000000100000000)
  region size 1024K, 55 young (56320K), 3 survivors (3072K)
 Metaspace       used 79891K, committed 81728K, reserved 1179648K
  class space    used 11284K, committed 12160K, reserved 1048576K
}
Event: 22.467 GC heap after
{Heap after GC invocations=28 (full 0):
 garbage-first heap   total 147456K, used 82946K [0x0000000080000000, 0x0000000100000000)
  region size 1024K, 4 young (4096K), 4 survivors (4096K)
 Metaspace       used 79891K, committed 81728K, reserved 1179648K
  class space    used 11284K, committed 12160K, reserved 1048576K
}
Event: 22.695 GC heap before
{Heap before GC invocations=28 (full 0):
 garbage-first heap   total 147456K, used 136194K [0x0000000080000000, 0x0000000100000000)
  region size 1024K, 56 young (57344K), 4 survivors (4096K)
 Metaspace       used 79973K, committed 81792K, reserved 1179648K
  class space    used 11284K, committed 12160K, reserved 1048576K
}
Event: 22.700 GC heap after
{Heap after GC invocations=29 (full 0):
 garbage-first heap   total 147456K, used 83314K [0x0000000080000000, 0x0000000100000000)
  region size 1024K, 4 young (4096K), 4 survivors (4096K)
 Metaspace       used 79973K, committed 81792K, reserved 1179648K
  class space    used 11284K, committed 12160K, reserved 1048576K
}
Event: 23.045 GC heap before
{Heap before GC invocations=30 (full 0):
 garbage-first heap   total 147456K, used 138610K [0x0000000080000000, 0x0000000100000000)
  region size 1024K, 58 young (59392K), 4 survivors (4096K)
 Metaspace       used 79979K, committed 81856K, reserved 1179648K
  class space    used 11284K, committed 12160K, reserved 1048576K
}
Event: 23.051 GC heap after
{Heap after GC invocations=31 (full 0):
 garbage-first heap   total 147456K, used 84067K [0x0000000080000000, 0x0000000100000000)
  region size 1024K, 5 young (5120K), 5 survivors (5120K)
 Metaspace       used 79979K, committed 81856K, reserved 1179648K
  class space    used 11284K, committed 12160K, reserved 1048576K
}
Event: 23.209 GC heap before
{Heap before GC invocations=31 (full 0):
 garbage-first heap   total 147456K, used 138339K [0x0000000080000000, 0x0000000100000000)
  region size 1024K, 58 young (59392K), 5 survivors (5120K)
 Metaspace       used 79989K, committed 81856K, reserved 1179648K
  class space    used 11284K, committed 12160K, reserved 1048576K
}
Event: 23.216 GC heap after
{Heap after GC invocations=32 (full 0):
 garbage-first heap   total 147456K, used 84118K [0x0000000080000000, 0x0000000100000000)
  region size 1024K, 3 young (3072K), 3 survivors (3072K)
 Metaspace       used 79989K, committed 81856K, reserved 1179648K
  class space    used 11284K, committed 12160K, reserved 1048576K
}
Event: 23.373 GC heap before
{Heap before GC invocations=32 (full 0):
 garbage-first heap   total 147456K, used 137366K [0x0000000080000000, 0x0000000100000000)
  region size 1024K, 56 young (57344K), 3 survivors (3072K)
 Metaspace       used 79989K, committed 81856K, reserved 1179648K
  class space    used 11284K, committed 12160K, reserved 1048576K
}

